SF:/home/lgift/codeexamples/security/security_scanner.ts
FN:28,scanFile
FN:76,scanDirectory
FNDA:3,scanFile
FNDA:0,scanDirectory
FNF:2
FNH:1
BRDA:89,0,0,0
BRDA:37,2,0,87
BRDA:37,2,1,87
BRDA:37,2,2,18
BRDA:39,2,3,87
BRDA:42,2,4,0
BRDA:42,2,5,0
BRDA:44,2,6,87
BRDA:47,2,7,522
BRDA:49,2,8,0
BRDA:57,2,9,87
BRDA:60,2,10,522
BRDA:62,2,11,0
BRDA:70,2,12,87
BRF:14
BRH:9
DA:9,1
DA:10,1
DA:11,1
DA:12,1
DA:13,1
DA:14,1
DA:15,1
DA:16,1
DA:19,1
DA:20,1
DA:21,1
DA:22,1
DA:23,1
DA:24,1
DA:25,1
DA:26,1
DA:28,1
DA:29,4
DA:30,4
DA:31,4
DA:33,4
DA:34,109
DA:37,109
DA:38,127
DA:39,127
DA:42,0
DA:43,0
DA:44,0
DA:47,109
DA:48,631
DA:49,0
DA:50,0
DA:51,0
DA:52,0
DA:53,0
DA:54,0
DA:55,0
DA:56,0
DA:57,631
DA:60,109
DA:61,631
DA:62,0
DA:63,0
DA:64,0
DA:65,0
DA:66,0
DA:67,0
DA:68,0
DA:69,0
DA:70,631
DA:71,4
DA:73,4
DA:74,4
DA:76,0
DA:77,0
DA:79,0
DA:80,0
DA:81,0
DA:82,0
DA:83,0
DA:85,0
DA:86,0
DA:89,0
DA:90,0
DA:91,0
DA:93,0
DA:94,0
DA:95,0
DA:96,0
DA:97,0
DA:98,0
DA:99,0
DA:100,0
DA:101,0
DA:102,0
DA:103,0
DA:104,0
DA:105,0
DA:106,0
DA:107,0
DA:108,0
LH:34
LF:81
end_of_record
